<?xml version="1.0" encoding="UTF-8"?>
<!-- Generated by org.testng.reporters.JUnitXMLReporter -->
<testsuite hostname="DESKTOP-CJ18TJS" ignored="0" name="testLogin" tests="1" failures="0" timestamp="02 Mar 2020 20:36:55 GMT" time="0.076" errors="0">
  <testcase name="@BeforeSuite setUp" time="17.056" classname="com.appliedselenium.base.TestBase">
    <failure type="org.openqa.selenium.SessionNotCreatedException" message="session not created
from chrome not reachable
  (Session info: chrome=80.0.3987.122)
Build info: version: &amp;apos;3.141.59&amp;apos;, revision: &amp;apos;e82be7d358&amp;apos;, time: &amp;apos;2018-11-14T08:17:03&amp;apos;
System info: host: &amp;apos;DESKTOP-CJ18TJS&amp;apos;, ip: &amp;apos;192.168.56.1&amp;apos;, os.name: &amp;apos;Windows 10&amp;apos;, os.arch: &amp;apos;amd64&amp;apos;, os.version: &amp;apos;10.0&amp;apos;, java.version: &amp;apos;1.8.0_171&amp;apos;
Driver info: driver.version: ChromeDriver
remote stacktrace: Backtrace:
	Ordinal0 [0x0024A113+1548563]
	Ordinal0 [0x001CDDA1+1039777]
	Ordinal0 [0x0014E32E+516910]
	Ordinal0 [0x00148012+491538]
	Ordinal0 [0x001486EB+493291]
	Ordinal0 [0x00149855+497749]
	Ordinal0 [0x00145885+481413]
	Ordinal0 [0x0014F0D0+520400]
	Ordinal0 [0x000FC030+180272]
	Ordinal0 [0x000FB59D+177565]
	Ordinal0 [0x000F95FB+169467]
	Ordinal0 [0x000E160A+71178]
	Ordinal0 [0x000E2690+75408]
	Ordinal0 [0x000E2629+75305]
	Ordinal0 [0x001E71B7+1143223]
	GetHandleVerifier [0x002E2B46+507814]
	GetHandleVerifier [0x002E2864+507076]
	GetHandleVerifier [0x002E9F47+537511]
	GetHandleVerifier [0x002E3402+510050]
	Ordinal0 [0x001DF29C+1110684]
	Ordinal0 [0x001E938B+1151883]
	Ordinal0 [0x001E94F3+1152243]
	Ordinal0 [0x001E83F5+1147893]
	BaseThreadInitThunk [0x759D6359+25]
	RtlGetAppContainerNamedObjectPath [0x77A47B74+228]
	RtlGetAppContainerNamedObjectPath [0x77A47B44+180]
	(No symbol) [0x00000000]
">
      <![CDATA[org.openqa.selenium.SessionNotCreatedException: session not created
from chrome not reachable
  (Session info: chrome=80.0.3987.122)
Build info: version: '3.141.59', revision: 'e82be7d358', time: '2018-11-14T08:17:03'
System info: host: 'DESKTOP-CJ18TJS', ip: '192.168.56.1', os.name: 'Windows 10', os.arch: 'amd64', os.version: '10.0', java.version: '1.8.0_171'
Driver info: driver.version: ChromeDriver
remote stacktrace: Backtrace:
Ordinal0 [0x0024A113+1548563]
Ordinal0 [0x001CDDA1+1039777]
Ordinal0 [0x0014E32E+516910]
Ordinal0 [0x00148012+491538]
Ordinal0 [0x001486EB+493291]
Ordinal0 [0x00149855+497749]
Ordinal0 [0x00145885+481413]
Ordinal0 [0x0014F0D0+520400]
Ordinal0 [0x000FC030+180272]
Ordinal0 [0x000FB59D+177565]
Ordinal0 [0x000F95FB+169467]
Ordinal0 [0x000E160A+71178]
Ordinal0 [0x000E2690+75408]
Ordinal0 [0x000E2629+75305]
Ordinal0 [0x001E71B7+1143223]
GetHandleVerifier [0x002E2B46+507814]
GetHandleVerifier [0x002E2864+507076]
GetHandleVerifier [0x002E9F47+537511]
GetHandleVerifier [0x002E3402+510050]
Ordinal0 [0x001DF29C+1110684]
Ordinal0 [0x001E938B+1151883]
Ordinal0 [0x001E94F3+1152243]
Ordinal0 [0x001E83F5+1147893]
BaseThreadInitThunk [0x759D6359+25]
RtlGetAppContainerNamedObjectPath [0x77A47B74+228]
RtlGetAppContainerNamedObjectPath [0x77A47B44+180]
(No symbol) [0x00000000]

at org.openqa.selenium.remote.W3CHandshakeResponse.lambda$errorHandler$0(W3CHandshakeResponse.java:62)
at org.openqa.selenium.remote.HandshakeResponse.lambda$getResponseFunction$0(HandshakeResponse.java:30)
at org.openqa.selenium.remote.ProtocolHandshake.lambda$createSession$0(ProtocolHandshake.java:126)
at java.util.stream.ReferencePipeline$3$1.accept(ReferencePipeline.java:193)
at java.util.Spliterators$ArraySpliterator.tryAdvance(Spliterators.java:958)
at java.util.stream.ReferencePipeline.forEachWithCancel(ReferencePipeline.java:126)
at java.util.stream.AbstractPipeline.copyIntoWithCancel(AbstractPipeline.java:498)
at java.util.stream.AbstractPipeline.copyInto(AbstractPipeline.java:485)
at java.util.stream.AbstractPipeline.wrapAndCopyInto(AbstractPipeline.java:471)
at java.util.stream.FindOps$FindOp.evaluateSequential(FindOps.java:152)
at java.util.stream.AbstractPipeline.evaluate(AbstractPipeline.java:234)
at java.util.stream.ReferencePipeline.findFirst(ReferencePipeline.java:464)
at org.openqa.selenium.remote.ProtocolHandshake.createSession(ProtocolHandshake.java:128)
at org.openqa.selenium.remote.ProtocolHandshake.createSession(ProtocolHandshake.java:74)
at org.openqa.selenium.remote.HttpCommandExecutor.execute(HttpCommandExecutor.java:136)
at org.openqa.selenium.remote.service.DriverCommandExecutor.execute(DriverCommandExecutor.java:83)
at org.openqa.selenium.remote.RemoteWebDriver.execute(RemoteWebDriver.java:552)
at org.openqa.selenium.remote.RemoteWebDriver.startSession(RemoteWebDriver.java:213)
at org.openqa.selenium.remote.RemoteWebDriver.<init>(RemoteWebDriver.java:131)
at org.openqa.selenium.chrome.ChromeDriver.<init>(ChromeDriver.java:181)
at org.openqa.selenium.chrome.ChromeDriver.<init>(ChromeDriver.java:168)
at org.openqa.selenium.chrome.ChromeDriver.<init>(ChromeDriver.java:123)
at com.appliedselenium.base.TestBase.setUp(TestBase.java:94)
... Removed 24 stack frames]]>
    </failure>
  </testcase> <!-- @BeforeSuite setUp -->
  <testcase name="testLogin" time="0.0" classname="com.appliedselenium.testscripts.CheckLoginTest">
    <skipped/>
  </testcase> <!-- testLogin -->
</testsuite> <!-- testLogin -->
