<?xml version="1.0" encoding="UTF-8"?>
<!-- Generated by org.testng.reporters.JUnitReportReporter -->
<testsuite skipped="1" hostname="DESKTOP-CJ18TJS" name="com.appliedselenium.testscripts.CheckLoginTest" tests="2" failures="0" timestamp="02 Mar 2020 20:36:55 GMT" time="17.056" errors="1">
  <testcase name="testLogin" time="0.000" classname="com.appliedselenium.testscripts.CheckLoginTest">
    <skipped/>
  </testcase> <!-- testLogin -->
  <testcase name="setUp" time="17.056" classname="com.appliedselenium.testscripts.CheckLoginTest">
    <error type="org.openqa.selenium.SessionNotCreatedException" message="session not created
from chrome not reachable
  (Session info: chrome=80.0.3987.122)
Build info: version: &#039;3.141.59&#039;, revision: &#039;e82be7d358&#039;, time: &#039;2018-11-14T08:17:03&#039;
System info: host: &#039;DESKTOP-CJ18TJS&#039;, ip: &#039;192.168.56.1&#039;, os.name: &#039;Windows 10&#039;, os.arch: &#039;amd64&#039;, os.version: &#039;10.0&#039;, java.version: &#039;1.8.0_171&#039;
Driver info: driver.version: ChromeDriver
remote stacktrace: Backtrace:
	Ordinal0 [0x0024A113+1548563]
	Ordinal0 [0x001CDDA1+1039777]
	Ordinal0 [0x0014E32E+516910]
	Ordinal0 [0x00148012+491538]
	Ordinal0 [0x001486EB+493291]
	Ordinal0 [0x00149855+497749]
	Ordinal0 [0x00145885+481413]
	Ordinal0 [0x0014F0D0+520400]
	Ordinal0 [0x000FC030+180272]
	Ordinal0 [0x000FB59D+177565]
	Ordinal0 [0x000F95FB+169467]
	Ordinal0 [0x000E160A+71178]
	Ordinal0 [0x000E2690+75408]
	Ordinal0 [0x000E2629+75305]
	Ordinal0 [0x001E71B7+1143223]
	GetHandleVerifier [0x002E2B46+507814]
	GetHandleVerifier [0x002E2864+507076]
	GetHandleVerifier [0x002E9F47+537511]
	GetHandleVerifier [0x002E3402+510050]
	Ordinal0 [0x001DF29C+1110684]
	Ordinal0 [0x001E938B+1151883]
	Ordinal0 [0x001E94F3+1152243]
	Ordinal0 [0x001E83F5+1147893]
	BaseThreadInitThunk [0x759D6359+25]
	RtlGetAppContainerNamedObjectPath [0x77A47B74+228]
	RtlGetAppContainerNamedObjectPath [0x77A47B44+180]
	(No symbol) [0x00000000]
">
      <![CDATA[org.openqa.selenium.SessionNotCreatedException: session not created
from chrome not reachable
  (Session info: chrome=80.0.3987.122)
Build info: version: '3.141.59', revision: 'e82be7d358', time: '2018-11-14T08:17:03'
System info: host: 'DESKTOP-CJ18TJS', ip: '192.168.56.1', os.name: 'Windows 10', os.arch: 'amd64', os.version: '10.0', java.version: '1.8.0_171'
Driver info: driver.version: ChromeDriver
remote stacktrace: Backtrace:
Ordinal0 [0x0024A113+1548563]
Ordinal0 [0x001CDDA1+1039777]
Ordinal0 [0x0014E32E+516910]
Ordinal0 [0x00148012+491538]
Ordinal0 [0x001486EB+493291]
Ordinal0 [0x00149855+497749]
Ordinal0 [0x00145885+481413]
Ordinal0 [0x0014F0D0+520400]
Ordinal0 [0x000FC030+180272]
Ordinal0 [0x000FB59D+177565]
Ordinal0 [0x000F95FB+169467]
Ordinal0 [0x000E160A+71178]
Ordinal0 [0x000E2690+75408]
Ordinal0 [0x000E2629+75305]
Ordinal0 [0x001E71B7+1143223]
GetHandleVerifier [0x002E2B46+507814]
GetHandleVerifier [0x002E2864+507076]
GetHandleVerifier [0x002E9F47+537511]
GetHandleVerifier [0x002E3402+510050]
Ordinal0 [0x001DF29C+1110684]
Ordinal0 [0x001E938B+1151883]
Ordinal0 [0x001E94F3+1152243]
Ordinal0 [0x001E83F5+1147893]
BaseThreadInitThunk [0x759D6359+25]
RtlGetAppContainerNamedObjectPath [0x77A47B74+228]
RtlGetAppContainerNamedObjectPath [0x77A47B44+180]
(No symbol) [0x00000000]

at sun.reflect.NativeConstructorAccessorImpl.newInstance0(Native Method)
at sun.reflect.NativeConstructorAccessorImpl.newInstance(NativeConstructorAccessorImpl.java:62)
at sun.reflect.DelegatingConstructorAccessorImpl.newInstance(DelegatingConstructorAccessorImpl.java:45)
at java.lang.reflect.Constructor.newInstance(Constructor.java:423)
at org.openqa.selenium.remote.W3CHandshakeResponse.lambda$errorHandler$0(W3CHandshakeResponse.java:62)
at org.openqa.selenium.remote.HandshakeResponse.lambda$getResponseFunction$0(HandshakeResponse.java:30)
at org.openqa.selenium.remote.ProtocolHandshake.lambda$createSession$0(ProtocolHandshake.java:126)
at java.util.stream.ReferencePipeline$3$1.accept(ReferencePipeline.java:193)
at java.util.Spliterators$ArraySpliterator.tryAdvance(Spliterators.java:958)
at java.util.stream.ReferencePipeline.forEachWithCancel(ReferencePipeline.java:126)
at java.util.stream.AbstractPipeline.copyIntoWithCancel(AbstractPipeline.java:498)
at java.util.stream.AbstractPipeline.copyInto(AbstractPipeline.java:485)
at java.util.stream.AbstractPipeline.wrapAndCopyInto(AbstractPipeline.java:471)
at java.util.stream.FindOps$FindOp.evaluateSequential(FindOps.java:152)
at java.util.stream.AbstractPipeline.evaluate(AbstractPipeline.java:234)
at java.util.stream.ReferencePipeline.findFirst(ReferencePipeline.java:464)
at org.openqa.selenium.remote.ProtocolHandshake.createSession(ProtocolHandshake.java:128)
at org.openqa.selenium.remote.ProtocolHandshake.createSession(ProtocolHandshake.java:74)
at org.openqa.selenium.remote.HttpCommandExecutor.execute(HttpCommandExecutor.java:136)
at org.openqa.selenium.remote.service.DriverCommandExecutor.execute(DriverCommandExecutor.java:83)
at org.openqa.selenium.remote.RemoteWebDriver.execute(RemoteWebDriver.java:552)
at org.openqa.selenium.remote.RemoteWebDriver.startSession(RemoteWebDriver.java:213)
at org.openqa.selenium.remote.RemoteWebDriver.<init>(RemoteWebDriver.java:131)
at org.openqa.selenium.chrome.ChromeDriver.<init>(ChromeDriver.java:181)
at org.openqa.selenium.chrome.ChromeDriver.<init>(ChromeDriver.java:168)
at org.openqa.selenium.chrome.ChromeDriver.<init>(ChromeDriver.java:123)
at com.appliedselenium.base.TestBase.setUp(TestBase.java:94)
at sun.reflect.NativeMethodAccessorImpl.invoke0(Native Method)
at sun.reflect.NativeMethodAccessorImpl.invoke(NativeMethodAccessorImpl.java:62)
at sun.reflect.DelegatingMethodAccessorImpl.invoke(DelegatingMethodAccessorImpl.java:43)
at java.lang.reflect.Method.invoke(Method.java:498)
at org.testng.internal.MethodInvocationHelper.invokeMethod(MethodInvocationHelper.java:124)
at org.testng.internal.MethodInvocationHelper.invokeMethodConsideringTimeout(MethodInvocationHelper.java:59)
at org.testng.internal.Invoker.invokeConfigurationMethod(Invoker.java:458)
at org.testng.internal.Invoker.invokeConfigurations(Invoker.java:222)
at org.testng.internal.Invoker.invokeConfigurations(Invoker.java:142)
at org.testng.SuiteRunner.privateRun(SuiteRunner.java:401)
at org.testng.SuiteRunner.run(SuiteRunner.java:364)
at org.testng.SuiteRunnerWorker.runSuite(SuiteRunnerWorker.java:52)
at org.testng.SuiteRunnerWorker.run(SuiteRunnerWorker.java:84)
at org.testng.TestNG.runSuitesSequentially(TestNG.java:1208)
at org.testng.TestNG.runSuitesLocally(TestNG.java:1137)
at org.testng.TestNG.runSuites(TestNG.java:1049)
at org.testng.TestNG.run(TestNG.java:1017)
at org.testng.remote.AbstractRemoteTestNG.run(AbstractRemoteTestNG.java:114)
at org.testng.remote.RemoteTestNG.initAndRun(RemoteTestNG.java:251)
at org.testng.remote.RemoteTestNG.main(RemoteTestNG.java:77)
]]>
    </error>
  </testcase> <!-- setUp -->
</testsuite> <!-- com.appliedselenium.testscripts.CheckLoginTest -->
